[2016-07-11 03:20:42] local.ERROR: exception 'Symfony\Component\Debug\Exception\FatalErrorException' with message 'Class 'App\Http\Controllers\BaseController' not found' in C:\Users\carlos daniel\Desktop\programacion_tecnologia\app\Http\Controllers\TestController.php:10
Stack trace:
#0 C:\Users\carlos daniel\Desktop\programacion_tecnologia\vendor\laravel\framework\src\Illuminate\Foundation\Bootstrap\HandleExceptions.php(133): Symfony\Component\Debug\Exception\FatalErrorException->__construct()
#1 C:\Users\carlos daniel\Desktop\programacion_tecnologia\vendor\laravel\framework\src\Illuminate\Foundation\Bootstrap\HandleExceptions.php(118): Illuminate\Foundation\Bootstrap\HandleExceptions->fatalExceptionFromError()
#2 C:\Users\carlos daniel\Desktop\programacion_tecnologia\vendor\laravel\framework\src\Illuminate\Foundation\Bootstrap\HandleExceptions.php(0): Illuminate\Foundation\Bootstrap\HandleExceptions->handleShutdown()
#3 C:\Users\carlos daniel\Desktop\programacion_tecnologia\vendor\composer\ClassLoader.php(412): ()
#4 C:\Users\carlos daniel\Desktop\programacion_tecnologia\vendor\composer\ClassLoader.php(301): Composer\Autoload\includeFile()
#5 C:\Users\carlos daniel\Desktop\programacion_tecnologia\vendor\laravel\framework\src\Illuminate\Routing\Route.php(0): Composer\Autoload\ClassLoader->loadClass()
#6 C:\Users\carlos daniel\Desktop\programacion_tecnologia\vendor\laravel\framework\src\Illuminate\Routing\Route.php(280): spl_autoload_call()
#7 C:\Users\carlos daniel\Desktop\programacion_tecnologia\vendor\laravel\framework\src\Illuminate\Routing\Route.php(280): ReflectionMethod->__construct()
#8 C:\Users\carlos daniel\Desktop\programacion_tecnologia\vendor\laravel\framework\src\Illuminate\Routing\Router.php(857): Illuminate\Routing\Route->signatureParameters()
#9 C:\Users\carlos daniel\Desktop\programacion_tecnologia\vendor\laravel\framework\src\Illuminate\Routing\Router.php(842): Illuminate\Routing\Router->substituteImplicitBindings()
#10 C:\Users\carlos daniel\Desktop\programacion_tecnologia\vendor\laravel\framework\src\Illuminate\Routing\Router.php(825): Illuminate\Routing\Router->substituteBindings()
#11 C:\Users\carlos daniel\Desktop\programacion_tecnologia\vendor\laravel\framework\src\Illuminate\Routing\Router.php(691): Illuminate\Routing\Router->findRoute()
#12 C:\Users\carlos daniel\Desktop\programacion_tecnologia\vendor\laravel\framework\src\Illuminate\Routing\Router.php(675): Illuminate\Routing\Router->dispatchToRoute()
#13 C:\Users\carlos daniel\Desktop\programacion_tecnologia\vendor\laravel\framework\src\Illuminate\Foundation\Http\Kernel.php(246): Illuminate\Routing\Router->dispatch()
#14 C:\Users\carlos daniel\Desktop\programacion_tecnologia\vendor\laravel\framework\src\Illuminate\Routing\Pipeline.php(52): Illuminate\Foundation\Http\Kernel->Illuminate\Foundation\Http\{closure}()
#15 C:\Users\carlos daniel\Desktop\programacion_tecnologia\vendor\laravel\framework\src\Illuminate\Routing\Pipeline.php(52): call_user_func:{C:\Users\carlos daniel\Desktop\programacion_tecnologia\vendor\laravel\framework\src\Illuminate\Routing\Pipeline.php:52}()
#16 C:\Users\carlos daniel\Desktop\programacion_tecnologia\vendor\laravel\framework\src\Illuminate\Foundation\Http\Middleware\CheckForMaintenanceMode.php(44): Illuminate\Routing\Pipeline->Illuminate\Routing\{closure}()
#17 C:\Users\carlos daniel\Desktop\programacion_tecnologia\vendor\laravel\framework\src\Illuminate\Pipeline\Pipeline.php(136): Illuminate\Foundation\Http\Middleware\CheckForMaintenanceMode->handle()
#18 C:\Users\carlos daniel\Desktop\programacion_tecnologia\vendor\laravel\framework\src\Illuminate\Pipeline\Pipeline.php(136): call_user_func_array:{C:\Users\carlos daniel\Desktop\programacion_tecnologia\vendor\laravel\framework\src\Illuminate\Pipeline\Pipeline.php:136}()
#19 C:\Users\carlos daniel\Desktop\programacion_tecnologia\vendor\laravel\framework\src\Illuminate\Routing\Pipeline.php(32): Illuminate\Pipeline\Pipeline->Illuminate\Pipeline\{closure}()
#20 C:\Users\carlos daniel\Desktop\programacion_tecnologia\vendor\laravel\framework\src\Illuminate\Routing\Pipeline.php(32): call_user_func:{C:\Users\carlos daniel\Desktop\programacion_tecnologia\vendor\laravel\framework\src\Illuminate\Routing\Pipeline.php:32}()
#21 C:\Users\carlos daniel\Desktop\programacion_tecnologia\vendor\laravel\framework\src\Illuminate\Pipeline\Pipeline.php(103): Illuminate\Routing\Pipeline->Illuminate\Routing\{closure}()
#22 C:\Users\carlos daniel\Desktop\programacion_tecnologia\vendor\laravel\framework\src\Illuminate\Pipeline\Pipeline.php(103): call_user_func:{C:\Users\carlos daniel\Desktop\programacion_tecnologia\vendor\laravel\framework\src\Illuminate\Pipeline\Pipeline.php:103}()
#23 C:\Users\carlos daniel\Desktop\programacion_tecnologia\vendor\laravel\framework\src\Illuminate\Foundation\Http\Kernel.php(132): Illuminate\Pipeline\Pipeline->then()
#24 C:\Users\carlos daniel\Desktop\programacion_tecnologia\vendor\laravel\framework\src\Illuminate\Foundation\Http\Kernel.php(99): Illuminate\Foundation\Http\Kernel->sendRequestThroughRouter()
#25 C:\Users\carlos daniel\Desktop\programacion_tecnologia\public\index.php(54): Illuminate\Foundation\Http\Kernel->handle()
#26 C:\Users\carlos daniel\Desktop\programacion_tecnologia\server.php(21): ()
#27 C:\Users\carlos daniel\Desktop\programacion_tecnologia\server.php(0): {main}()
#28 {main}  
[2016-07-11 03:21:31] local.ERROR: exception 'InvalidArgumentException' with message 'View [pruebas.index] not found.' in C:\Users\carlos daniel\Desktop\programacion_tecnologia\vendor\laravel\framework\src\Illuminate\View\FileViewFinder.php:137
Stack trace:
#0 C:\Users\carlos daniel\Desktop\programacion_tecnologia\vendor\laravel\framework\src\Illuminate\View\FileViewFinder.php(79): Illuminate\View\FileViewFinder->findInPaths('pruebas.index', Array)
#1 C:\Users\carlos daniel\Desktop\programacion_tecnologia\vendor\laravel\framework\src\Illuminate\View\Factory.php(165): Illuminate\View\FileViewFinder->find('pruebas.index')
#2 C:\Users\carlos daniel\Desktop\programacion_tecnologia\vendor\laravel\framework\src\Illuminate\Foundation\helpers.php(779): Illuminate\View\Factory->make('pruebas.index', Array, Array)
#3 C:\Users\carlos daniel\Desktop\programacion_tecnologia\app\Http\Controllers\TestController.php(14): view('pruebas.index')
#4 [internal function]: App\Http\Controllers\TestController->index()
#5 C:\Users\carlos daniel\Desktop\programacion_tecnologia\vendor\laravel\framework\src\Illuminate\Routing\Controller.php(80): call_user_func_array(Array, Array)
#6 C:\Users\carlos daniel\Desktop\programacion_tecnologia\vendor\laravel\framework\src\Illuminate\Routing\ControllerDispatcher.php(146): Illuminate\Routing\Controller->callAction('index', Array)
#7 C:\Users\carlos daniel\Desktop\programacion_tecnologia\vendor\laravel\framework\src\Illuminate\Routing\ControllerDispatcher.php(94): Illuminate\Routing\ControllerDispatcher->call(Object(App\Http\Controllers\TestController), Object(Illuminate\Routing\Route), 'index')
#8 [internal function]: Illuminate\Routing\ControllerDispatcher->Illuminate\Routing\{closure}(Object(Illuminate\Http\Request))
#9 C:\Users\carlos daniel\Desktop\programacion_tecnologia\vendor\laravel\framework\src\Illuminate\Routing\Pipeline.php(52): call_user_func(Object(Closure), Object(Illuminate\Http\Request))
#10 [internal function]: Illuminate\Routing\Pipeline->Illuminate\Routing\{closure}(Object(Illuminate\Http\Request))
#11 C:\Users\carlos daniel\Desktop\programacion_tecnologia\vendor\laravel\framework\src\Illuminate\Pipeline\Pipeline.php(103): call_user_func(Object(Closure), Object(Illuminate\Http\Request))
#12 C:\Users\carlos daniel\Desktop\programacion_tecnologia\vendor\laravel\framework\src\Illuminate\Routing\ControllerDispatcher.php(96): Illuminate\Pipeline\Pipeline->then(Object(Closure))
#13 C:\Users\carlos daniel\Desktop\programacion_tecnologia\vendor\laravel\framework\src\Illuminate\Routing\ControllerDispatcher.php(54): Illuminate\Routing\ControllerDispatcher->callWithinStack(Object(App\Http\Controllers\TestController), Object(Illuminate\Routing\Route), Object(Illuminate\Http\Request), 'index')
#14 C:\Users\carlos daniel\Desktop\programacion_tecnologia\vendor\laravel\framework\src\Illuminate\Routing\Route.php(174): Illuminate\Routing\ControllerDispatcher->dispatch(Object(Illuminate\Routing\Route), Object(Illuminate\Http\Request), 'App\\Http\\Contro...', 'index')
#15 C:\Users\carlos daniel\Desktop\programacion_tecnologia\vendor\laravel\framework\src\Illuminate\Routing\Route.php(140): Illuminate\Routing\Route->runController(Object(Illuminate\Http\Request))
#16 C:\Users\carlos daniel\Desktop\programacion_tecnologia\vendor\laravel\framework\src\Illuminate\Routing\Router.php(724): Illuminate\Routing\Route->run(Object(Illuminate\Http\Request))
#17 [internal function]: Illuminate\Routing\Router->Illuminate\Routing\{closure}(Object(Illuminate\Http\Request))
#18 C:\Users\carlos daniel\Desktop\programacion_tecnologia\vendor\laravel\framework\src\Illuminate\Routing\Pipeline.php(52): call_user_func(Object(Closure), Object(Illuminate\Http\Request))
#19 C:\Users\carlos daniel\Desktop\programacion_tecnologia\vendor\laravel\framework\src\Illuminate\Foundation\Http\Middleware\VerifyCsrfToken.php(64): Illuminate\Routing\Pipeline->Illuminate\Routing\{closure}(Object(Illuminate\Http\Request))
#20 [internal function]: Illuminate\Foundation\Http\Middleware\VerifyCsrfToken->handle(Object(Illuminate\Http\Request), Object(Closure))
#21 C:\Users\carlos daniel\Desktop\programacion_tecnologia\vendor\laravel\framework\src\Illuminate\Pipeline\Pipeline.php(136): call_user_func_array(Array, Array)
#22 [internal function]: Illuminate\Pipeline\Pipeline->Illuminate\Pipeline\{closure}(Object(Illuminate\Http\Request))
#23 C:\Users\carlos daniel\Desktop\programacion_tecnologia\vendor\laravel\framework\src\Illuminate\Routing\Pipeline.php(32): call_user_func(Object(Closure), Object(Illuminate\Http\Request))
#24 C:\Users\carlos daniel\Desktop\programacion_tecnologia\vendor\laravel\framework\src\Illuminate\View\Middleware\ShareErrorsFromSession.php(49): Illuminate\Routing\Pipeline->Illuminate\Routing\{closure}(Object(Illuminate\Http\Request))
#25 [internal function]: Illuminate\View\Middleware\ShareErrorsFromSession->handle(Object(Illuminate\Http\Request), Object(Closure))
#26 C:\Users\carlos daniel\Desktop\programacion_tecnologia\vendor\laravel\framework\src\Illuminate\Pipeline\Pipeline.php(136): call_user_func_array(Array, Array)
#27 [internal function]: Illuminate\Pipeline\Pipeline->Illuminate\Pipeline\{closure}(Object(Illuminate\Http\Request))
#28 C:\Users\carlos daniel\Desktop\programacion_tecnologia\vendor\laravel\framework\src\Illuminate\Routing\Pipeline.php(32): call_user_func(Object(Closure), Object(Illuminate\Http\Request))
#29 C:\Users\carlos daniel\Desktop\programacion_tecnologia\vendor\laravel\framework\src\Illuminate\Session\Middleware\StartSession.php(62): Illuminate\Routing\Pipeline->Illuminate\Routing\{closure}(Object(Illuminate\Http\Request))
#30 [internal function]: Illuminate\Session\Middleware\StartSession->handle(Object(Illuminate\Http\Request), Object(Closure))
#31 C:\Users\carlos daniel\Desktop\programacion_tecnologia\vendor\laravel\framework\src\Illuminate\Pipeline\Pipeline.php(136): call_user_func_array(Array, Array)
#32 [internal function]: Illuminate\Pipeline\Pipeline->Illuminate\Pipeline\{closure}(Object(Illuminate\Http\Request))
#33 C:\Users\carlos daniel\Desktop\programacion_tecnologia\vendor\laravel\framework\src\Illuminate\Routing\Pipeline.php(32): call_user_func(Object(Closure), Object(Illuminate\Http\Request))
#34 C:\Users\carlos daniel\Desktop\programacion_tecnologia\vendor\laravel\framework\src\Illuminate\Cookie\Middleware\AddQueuedCookiesToResponse.php(37): Illuminate\Routing\Pipeline->Illuminate\Routing\{closure}(Object(Illuminate\Http\Request))
#35 [internal function]: Illuminate\Cookie\Middleware\AddQueuedCookiesToResponse->handle(Object(Illuminate\Http\Request), Object(Closure))
#36 C:\Users\carlos daniel\Desktop\programacion_tecnologia\vendor\laravel\framework\src\Illuminate\Pipeline\Pipeline.php(136): call_user_func_array(Array, Array)
#37 [internal function]: Illuminate\Pipeline\Pipeline->Illuminate\Pipeline\{closure}(Object(Illuminate\Http\Request))
#38 C:\Users\carlos daniel\Desktop\programacion_tecnologia\vendor\laravel\framework\src\Illuminate\Routing\Pipeline.php(32): call_user_func(Object(Closure), Object(Illuminate\Http\Request))
#39 C:\Users\carlos daniel\Desktop\programacion_tecnologia\vendor\laravel\framework\src\Illuminate\Cookie\Middleware\EncryptCookies.php(59): Illuminate\Routing\Pipeline->Illuminate\Routing\{closure}(Object(Illuminate\Http\Request))
#40 [internal function]: Illuminate\Cookie\Middleware\EncryptCookies->handle(Object(Illuminate\Http\Request), Object(Closure))
#41 C:\Users\carlos daniel\Desktop\programacion_tecnologia\vendor\laravel\framework\src\Illuminate\Pipeline\Pipeline.php(136): call_user_func_array(Array, Array)
#42 [internal function]: Illuminate\Pipeline\Pipeline->Illuminate\Pipeline\{closure}(Object(Illuminate\Http\Request))
#43 C:\Users\carlos daniel\Desktop\programacion_tecnologia\vendor\laravel\framework\src\Illuminate\Routing\Pipeline.php(32): call_user_func(Object(Closure), Object(Illuminate\Http\Request))
#44 [internal function]: Illuminate\Routing\Pipeline->Illuminate\Routing\{closure}(Object(Illuminate\Http\Request))
#45 C:\Users\carlos daniel\Desktop\programacion_tecnologia\vendor\laravel\framework\src\Illuminate\Pipeline\Pipeline.php(103): call_user_func(Object(Closure), Object(Illuminate\Http\Request))
#46 C:\Users\carlos daniel\Desktop\programacion_tecnologia\vendor\laravel\framework\src\Illuminate\Routing\Router.php(726): Illuminate\Pipeline\Pipeline->then(Object(Closure))
#47 C:\Users\carlos daniel\Desktop\programacion_tecnologia\vendor\laravel\framework\src\Illuminate\Routing\Router.php(699): Illuminate\Routing\Router->runRouteWithinStack(Object(Illuminate\Routing\Route), Object(Illuminate\Http\Request))
#48 C:\Users\carlos daniel\Desktop\programacion_tecnologia\vendor\laravel\framework\src\Illuminate\Routing\Router.php(675): Illuminate\Routing\Router->dispatchToRoute(Object(Illuminate\Http\Request))
#49 C:\Users\carlos daniel\Desktop\programacion_tecnologia\vendor\laravel\framework\src\Illuminate\Foundation\Http\Kernel.php(246): Illuminate\Routing\Router->dispatch(Object(Illuminate\Http\Request))
#50 [internal function]: Illuminate\Foundation\Http\Kernel->Illuminate\Foundation\Http\{closure}(Object(Illuminate\Http\Request))
#51 C:\Users\carlos daniel\Desktop\programacion_tecnologia\vendor\laravel\framework\src\Illuminate\Routing\Pipeline.php(52): call_user_func(Object(Closure), Object(Illuminate\Http\Request))
#52 C:\Users\carlos daniel\Desktop\programacion_tecnologia\vendor\laravel\framework\src\Illuminate\Foundation\Http\Middleware\CheckForMaintenanceMode.php(44): Illuminate\Routing\Pipeline->Illuminate\Routing\{closure}(Object(Illuminate\Http\Request))
#53 [internal function]: Illuminate\Foundation\Http\Middleware\CheckForMaintenanceMode->handle(Object(Illuminate\Http\Request), Object(Closure))
#54 C:\Users\carlos daniel\Desktop\programacion_tecnologia\vendor\laravel\framework\src\Illuminate\Pipeline\Pipeline.php(136): call_user_func_array(Array, Array)
#55 [internal function]: Illuminate\Pipeline\Pipeline->Illuminate\Pipeline\{closure}(Object(Illuminate\Http\Request))
#56 C:\Users\carlos daniel\Desktop\programacion_tecnologia\vendor\laravel\framework\src\Illuminate\Routing\Pipeline.php(32): call_user_func(Object(Closure), Object(Illuminate\Http\Request))
#57 [internal function]: Illuminate\Routing\Pipeline->Illuminate\Routing\{closure}(Object(Illuminate\Http\Request))
#58 C:\Users\carlos daniel\Desktop\programacion_tecnologia\vendor\laravel\framework\src\Illuminate\Pipeline\Pipeline.php(103): call_user_func(Object(Closure), Object(Illuminate\Http\Request))
#59 C:\Users\carlos daniel\Desktop\programacion_tecnologia\vendor\laravel\framework\src\Illuminate\Foundation\Http\Kernel.php(132): Illuminate\Pipeline\Pipeline->then(Object(Closure))
#60 C:\Users\carlos daniel\Desktop\programacion_tecnologia\vendor\laravel\framework\src\Illuminate\Foundation\Http\Kernel.php(99): Illuminate\Foundation\Http\Kernel->sendRequestThroughRouter(Object(Illuminate\Http\Request))
#61 C:\Users\carlos daniel\Desktop\programacion_tecnologia\public\index.php(54): Illuminate\Foundation\Http\Kernel->handle(Object(Illuminate\Http\Request))
#62 C:\Users\carlos daniel\Desktop\programacion_tecnologia\server.php(21): require_once('C:\\Users\\carlos...')
#63 {main}  
[2016-07-11 17:46:25] local.ERROR: exception 'Symfony\Component\Debug\Exception\FatalErrorException' with message 'syntax error, unexpected end of file' in C:\Users\carlos daniel\Desktop\programacion_tecnologia\app\Http\routes.php:18
Stack trace:
#0 C:\Users\carlos daniel\Desktop\programacion_tecnologia\vendor\laravel\framework\src\Illuminate\Foundation\Bootstrap\HandleExceptions.php(133): Symfony\Component\Debug\Exception\FatalErrorException->__construct()
#1 C:\Users\carlos daniel\Desktop\programacion_tecnologia\vendor\laravel\framework\src\Illuminate\Foundation\Bootstrap\HandleExceptions.php(118): Illuminate\Foundation\Bootstrap\HandleExceptions->fatalExceptionFromError()
#2 C:\Users\carlos daniel\Desktop\programacion_tecnologia\vendor\laravel\framework\src\Illuminate\Foundation\Bootstrap\HandleExceptions.php(0): Illuminate\Foundation\Bootstrap\HandleExceptions->handleShutdown()
#3 C:\Users\carlos daniel\Desktop\programacion_tecnologia\vendor\laravel\framework\src\Illuminate\Routing\Router.php(398): App\Providers\RouteServiceProvider->App\Providers\{closure}()
#4 C:\Users\carlos daniel\Desktop\programacion_tecnologia\vendor\laravel\framework\src\Illuminate\Routing\Router.php(398): call_user_func:{C:\Users\carlos daniel\Desktop\programacion_tecnologia\vendor\laravel\framework\src\Illuminate\Routing\Router.php:398}()
#5 C:\Users\carlos daniel\Desktop\programacion_tecnologia\app\Providers\RouteServiceProvider.php(59): Illuminate\Routing\Router->group()
#6 C:\Users\carlos daniel\Desktop\programacion_tecnologia\app\Providers\RouteServiceProvider.php(40): App\Providers\RouteServiceProvider->mapWebRoutes()
#7 C:\Users\carlos daniel\Desktop\programacion_tecnologia\vendor\laravel\framework\src\Illuminate\Container\Container.php(507): App\Providers\RouteServiceProvider->map()
#8 C:\Users\carlos daniel\Desktop\programacion_tecnologia\vendor\laravel\framework\src\Illuminate\Container\Container.php(507): call_user_func_array:{C:\Users\carlos daniel\Desktop\programacion_tecnologia\vendor\laravel\framework\src\Illuminate\Container\Container.php:507}()
#9 C:\Users\carlos daniel\Desktop\programacion_tecnologia\vendor\laravel\framework\src\Illuminate\Foundation\Support\Providers\RouteServiceProvider.php(72): Illuminate\Container\Container->call()
#10 C:\Users\carlos daniel\Desktop\programacion_tecnologia\vendor\laravel\framework\src\Illuminate\Foundation\Support\Providers\RouteServiceProvider.php(31): Illuminate\Foundation\Support\Providers\RouteServiceProvider->loadRoutes()
#11 C:\Users\carlos daniel\Desktop\programacion_tecnologia\app\Providers\RouteServiceProvider.php(29): Illuminate\Foundation\Support\Providers\RouteServiceProvider->boot()
#12 C:\Users\carlos daniel\Desktop\programacion_tecnologia\vendor\laravel\framework\src\Illuminate\Container\Container.php(507): App\Providers\RouteServiceProvider->boot()
#13 C:\Users\carlos daniel\Desktop\programacion_tecnologia\vendor\laravel\framework\src\Illuminate\Container\Container.php(507): call_user_func_array:{C:\Users\carlos daniel\Desktop\programacion_tecnologia\vendor\laravel\framework\src\Illuminate\Container\Container.php:507}()
#14 C:\Users\carlos daniel\Desktop\programacion_tecnologia\vendor\laravel\framework\src\Illuminate\Foundation\Application.php(757): Illuminate\Container\Container->call()
#15 C:\Users\carlos daniel\Desktop\programacion_tecnologia\vendor\laravel\framework\src\Illuminate\Foundation\Application.php(740): Illuminate\Foundation\Application->bootProvider()
#16 C:\Users\carlos daniel\Desktop\programacion_tecnologia\vendor\laravel\framework\src\Illuminate\Foundation\Application.php(741): Illuminate\Foundation\Application->Illuminate\Foundation\{closure}()
#17 C:\Users\carlos daniel\Desktop\programacion_tecnologia\vendor\laravel\framework\src\Illuminate\Foundation\Application.php(741): array_walk()
#18 C:\Users\carlos daniel\Desktop\programacion_tecnologia\vendor\laravel\framework\src\Illuminate\Foundation\Bootstrap\BootProviders.php(17): Illuminate\Foundation\Application->boot()
#19 C:\Users\carlos daniel\Desktop\programacion_tecnologia\vendor\laravel\framework\src\Illuminate\Foundation\Application.php(203): Illuminate\Foundation\Bootstrap\BootProviders->bootstrap()
#20 C:\Users\carlos daniel\Desktop\programacion_tecnologia\vendor\laravel\framework\src\Illuminate\Foundation\Http\Kernel.php(232): Illuminate\Foundation\Application->bootstrapWith()
#21 C:\Users\carlos daniel\Desktop\programacion_tecnologia\vendor\laravel\framework\src\Illuminate\Foundation\Http\Kernel.php(127): Illuminate\Foundation\Http\Kernel->bootstrap()
#22 C:\Users\carlos daniel\Desktop\programacion_tecnologia\vendor\laravel\framework\src\Illuminate\Foundation\Http\Kernel.php(99): Illuminate\Foundation\Http\Kernel->sendRequestThroughRouter()
#23 C:\Users\carlos daniel\Desktop\programacion_tecnologia\public\index.php(54): Illuminate\Foundation\Http\Kernel->handle()
#24 C:\Users\carlos daniel\Desktop\programacion_tecnologia\server.php(21): ()
#25 C:\Users\carlos daniel\Desktop\programacion_tecnologia\server.php(0): {main}()
#26 {main}  
[2016-07-11 17:46:43] local.ERROR: exception 'Symfony\Component\Debug\Exception\FatalErrorException' with message 'syntax error, unexpected end of file' in C:\Users\carlos daniel\Desktop\programacion_tecnologia\app\Http\routes.php:19
Stack trace:
#0 C:\Users\carlos daniel\Desktop\programacion_tecnologia\vendor\laravel\framework\src\Illuminate\Foundation\Bootstrap\HandleExceptions.php(133): Symfony\Component\Debug\Exception\FatalErrorException->__construct()
#1 C:\Users\carlos daniel\Desktop\programacion_tecnologia\vendor\laravel\framework\src\Illuminate\Foundation\Bootstrap\HandleExceptions.php(118): Illuminate\Foundation\Bootstrap\HandleExceptions->fatalExceptionFromError()
#2 C:\Users\carlos daniel\Desktop\programacion_tecnologia\vendor\laravel\framework\src\Illuminate\Foundation\Bootstrap\HandleExceptions.php(0): Illuminate\Foundation\Bootstrap\HandleExceptions->handleShutdown()
#3 C:\Users\carlos daniel\Desktop\programacion_tecnologia\vendor\laravel\framework\src\Illuminate\Routing\Router.php(398): App\Providers\RouteServiceProvider->App\Providers\{closure}()
#4 C:\Users\carlos daniel\Desktop\programacion_tecnologia\vendor\laravel\framework\src\Illuminate\Routing\Router.php(398): call_user_func:{C:\Users\carlos daniel\Desktop\programacion_tecnologia\vendor\laravel\framework\src\Illuminate\Routing\Router.php:398}()
#5 C:\Users\carlos daniel\Desktop\programacion_tecnologia\app\Providers\RouteServiceProvider.php(59): Illuminate\Routing\Router->group()
#6 C:\Users\carlos daniel\Desktop\programacion_tecnologia\app\Providers\RouteServiceProvider.php(40): App\Providers\RouteServiceProvider->mapWebRoutes()
#7 C:\Users\carlos daniel\Desktop\programacion_tecnologia\vendor\laravel\framework\src\Illuminate\Container\Container.php(507): App\Providers\RouteServiceProvider->map()
#8 C:\Users\carlos daniel\Desktop\programacion_tecnologia\vendor\laravel\framework\src\Illuminate\Container\Container.php(507): call_user_func_array:{C:\Users\carlos daniel\Desktop\programacion_tecnologia\vendor\laravel\framework\src\Illuminate\Container\Container.php:507}()
#9 C:\Users\carlos daniel\Desktop\programacion_tecnologia\vendor\laravel\framework\src\Illuminate\Foundation\Support\Providers\RouteServiceProvider.php(72): Illuminate\Container\Container->call()
#10 C:\Users\carlos daniel\Desktop\programacion_tecnologia\vendor\laravel\framework\src\Illuminate\Foundation\Support\Providers\RouteServiceProvider.php(31): Illuminate\Foundation\Support\Providers\RouteServiceProvider->loadRoutes()
#11 C:\Users\carlos daniel\Desktop\programacion_tecnologia\app\Providers\RouteServiceProvider.php(29): Illuminate\Foundation\Support\Providers\RouteServiceProvider->boot()
#12 C:\Users\carlos daniel\Desktop\programacion_tecnologia\vendor\laravel\framework\src\Illuminate\Container\Container.php(507): App\Providers\RouteServiceProvider->boot()
#13 C:\Users\carlos daniel\Desktop\programacion_tecnologia\vendor\laravel\framework\src\Illuminate\Container\Container.php(507): call_user_func_array:{C:\Users\carlos daniel\Desktop\programacion_tecnologia\vendor\laravel\framework\src\Illuminate\Container\Container.php:507}()
#14 C:\Users\carlos daniel\Desktop\programacion_tecnologia\vendor\laravel\framework\src\Illuminate\Foundation\Application.php(757): Illuminate\Container\Container->call()
#15 C:\Users\carlos daniel\Desktop\programacion_tecnologia\vendor\laravel\framework\src\Illuminate\Foundation\Application.php(740): Illuminate\Foundation\Application->bootProvider()
#16 C:\Users\carlos daniel\Desktop\programacion_tecnologia\vendor\laravel\framework\src\Illuminate\Foundation\Application.php(741): Illuminate\Foundation\Application->Illuminate\Foundation\{closure}()
#17 C:\Users\carlos daniel\Desktop\programacion_tecnologia\vendor\laravel\framework\src\Illuminate\Foundation\Application.php(741): array_walk()
#18 C:\Users\carlos daniel\Desktop\programacion_tecnologia\vendor\laravel\framework\src\Illuminate\Foundation\Bootstrap\BootProviders.php(17): Illuminate\Foundation\Application->boot()
#19 C:\Users\carlos daniel\Desktop\programacion_tecnologia\vendor\laravel\framework\src\Illuminate\Foundation\Application.php(203): Illuminate\Foundation\Bootstrap\BootProviders->bootstrap()
#20 C:\Users\carlos daniel\Desktop\programacion_tecnologia\vendor\laravel\framework\src\Illuminate\Foundation\Http\Kernel.php(232): Illuminate\Foundation\Application->bootstrapWith()
#21 C:\Users\carlos daniel\Desktop\programacion_tecnologia\vendor\laravel\framework\src\Illuminate\Foundation\Http\Kernel.php(127): Illuminate\Foundation\Http\Kernel->bootstrap()
#22 C:\Users\carlos daniel\Desktop\programacion_tecnologia\vendor\laravel\framework\src\Illuminate\Foundation\Http\Kernel.php(99): Illuminate\Foundation\Http\Kernel->sendRequestThroughRouter()
#23 C:\Users\carlos daniel\Desktop\programacion_tecnologia\public\index.php(54): Illuminate\Foundation\Http\Kernel->handle()
#24 C:\Users\carlos daniel\Desktop\programacion_tecnologia\server.php(21): ()
#25 C:\Users\carlos daniel\Desktop\programacion_tecnologia\server.php(0): {main}()
#26 {main}  
[2016-07-11 17:46:45] local.ERROR: exception 'Symfony\Component\Debug\Exception\FatalErrorException' with message 'syntax error, unexpected end of file' in C:\Users\carlos daniel\Desktop\programacion_tecnologia\app\Http\routes.php:19
Stack trace:
#0 C:\Users\carlos daniel\Desktop\programacion_tecnologia\vendor\laravel\framework\src\Illuminate\Foundation\Bootstrap\HandleExceptions.php(133): Symfony\Component\Debug\Exception\FatalErrorException->__construct()
#1 C:\Users\carlos daniel\Desktop\programacion_tecnologia\vendor\laravel\framework\src\Illuminate\Foundation\Bootstrap\HandleExceptions.php(118): Illuminate\Foundation\Bootstrap\HandleExceptions->fatalExceptionFromError()
#2 C:\Users\carlos daniel\Desktop\programacion_tecnologia\vendor\laravel\framework\src\Illuminate\Foundation\Bootstrap\HandleExceptions.php(0): Illuminate\Foundation\Bootstrap\HandleExceptions->handleShutdown()
#3 C:\Users\carlos daniel\Desktop\programacion_tecnologia\vendor\laravel\framework\src\Illuminate\Routing\Router.php(398): App\Providers\RouteServiceProvider->App\Providers\{closure}()
#4 C:\Users\carlos daniel\Desktop\programacion_tecnologia\vendor\laravel\framework\src\Illuminate\Routing\Router.php(398): call_user_func:{C:\Users\carlos daniel\Desktop\programacion_tecnologia\vendor\laravel\framework\src\Illuminate\Routing\Router.php:398}()
#5 C:\Users\carlos daniel\Desktop\programacion_tecnologia\app\Providers\RouteServiceProvider.php(59): Illuminate\Routing\Router->group()
#6 C:\Users\carlos daniel\Desktop\programacion_tecnologia\app\Providers\RouteServiceProvider.php(40): App\Providers\RouteServiceProvider->mapWebRoutes()
#7 C:\Users\carlos daniel\Desktop\programacion_tecnologia\vendor\laravel\framework\src\Illuminate\Container\Container.php(507): App\Providers\RouteServiceProvider->map()
#8 C:\Users\carlos daniel\Desktop\programacion_tecnologia\vendor\laravel\framework\src\Illuminate\Container\Container.php(507): call_user_func_array:{C:\Users\carlos daniel\Desktop\programacion_tecnologia\vendor\laravel\framework\src\Illuminate\Container\Container.php:507}()
#9 C:\Users\carlos daniel\Desktop\programacion_tecnologia\vendor\laravel\framework\src\Illuminate\Foundation\Support\Providers\RouteServiceProvider.php(72): Illuminate\Container\Container->call()
#10 C:\Users\carlos daniel\Desktop\programacion_tecnologia\vendor\laravel\framework\src\Illuminate\Foundation\Support\Providers\RouteServiceProvider.php(31): Illuminate\Foundation\Support\Providers\RouteServiceProvider->loadRoutes()
#11 C:\Users\carlos daniel\Desktop\programacion_tecnologia\app\Providers\RouteServiceProvider.php(29): Illuminate\Foundation\Support\Providers\RouteServiceProvider->boot()
#12 C:\Users\carlos daniel\Desktop\programacion_tecnologia\vendor\laravel\framework\src\Illuminate\Container\Container.php(507): App\Providers\RouteServiceProvider->boot()
#13 C:\Users\carlos daniel\Desktop\programacion_tecnologia\vendor\laravel\framework\src\Illuminate\Container\Container.php(507): call_user_func_array:{C:\Users\carlos daniel\Desktop\programacion_tecnologia\vendor\laravel\framework\src\Illuminate\Container\Container.php:507}()
#14 C:\Users\carlos daniel\Desktop\programacion_tecnologia\vendor\laravel\framework\src\Illuminate\Foundation\Application.php(757): Illuminate\Container\Container->call()
#15 C:\Users\carlos daniel\Desktop\programacion_tecnologia\vendor\laravel\framework\src\Illuminate\Foundation\Application.php(740): Illuminate\Foundation\Application->bootProvider()
#16 C:\Users\carlos daniel\Desktop\programacion_tecnologia\vendor\laravel\framework\src\Illuminate\Foundation\Application.php(741): Illuminate\Foundation\Application->Illuminate\Foundation\{closure}()
#17 C:\Users\carlos daniel\Desktop\programacion_tecnologia\vendor\laravel\framework\src\Illuminate\Foundation\Application.php(741): array_walk()
#18 C:\Users\carlos daniel\Desktop\programacion_tecnologia\vendor\laravel\framework\src\Illuminate\Foundation\Bootstrap\BootProviders.php(17): Illuminate\Foundation\Application->boot()
#19 C:\Users\carlos daniel\Desktop\programacion_tecnologia\vendor\laravel\framework\src\Illuminate\Foundation\Application.php(203): Illuminate\Foundation\Bootstrap\BootProviders->bootstrap()
#20 C:\Users\carlos daniel\Desktop\programacion_tecnologia\vendor\laravel\framework\src\Illuminate\Foundation\Http\Kernel.php(232): Illuminate\Foundation\Application->bootstrapWith()
#21 C:\Users\carlos daniel\Desktop\programacion_tecnologia\vendor\laravel\framework\src\Illuminate\Foundation\Http\Kernel.php(127): Illuminate\Foundation\Http\Kernel->bootstrap()
#22 C:\Users\carlos daniel\Desktop\programacion_tecnologia\vendor\laravel\framework\src\Illuminate\Foundation\Http\Kernel.php(99): Illuminate\Foundation\Http\Kernel->sendRequestThroughRouter()
#23 C:\Users\carlos daniel\Desktop\programacion_tecnologia\public\index.php(54): Illuminate\Foundation\Http\Kernel->handle()
#24 C:\Users\carlos daniel\Desktop\programacion_tecnologia\server.php(21): ()
#25 C:\Users\carlos daniel\Desktop\programacion_tecnologia\server.php(0): {main}()
#26 {main}  
[2016-07-11 17:50:01] local.ERROR: exception 'InvalidArgumentException' with message 'View [about.index] not found.' in C:\Users\carlos daniel\Desktop\programacion_tecnologia\vendor\laravel\framework\src\Illuminate\View\FileViewFinder.php:137
Stack trace:
#0 C:\Users\carlos daniel\Desktop\programacion_tecnologia\vendor\laravel\framework\src\Illuminate\View\FileViewFinder.php(79): Illuminate\View\FileViewFinder->findInPaths('about.index', Array)
#1 C:\Users\carlos daniel\Desktop\programacion_tecnologia\vendor\laravel\framework\src\Illuminate\View\Factory.php(165): Illuminate\View\FileViewFinder->find('about.index')
#2 C:\Users\carlos daniel\Desktop\programacion_tecnologia\vendor\laravel\framework\src\Illuminate\Foundation\helpers.php(779): Illuminate\View\Factory->make('about.index', Array, Array)
#3 C:\Users\carlos daniel\Desktop\programacion_tecnologia\app\Http\Controllers\TestController.php(19): view('about.index')
#4 [internal function]: App\Http\Controllers\TestController->about()
#5 C:\Users\carlos daniel\Desktop\programacion_tecnologia\vendor\laravel\framework\src\Illuminate\Routing\Controller.php(80): call_user_func_array(Array, Array)
#6 C:\Users\carlos daniel\Desktop\programacion_tecnologia\vendor\laravel\framework\src\Illuminate\Routing\ControllerDispatcher.php(146): Illuminate\Routing\Controller->callAction('about', Array)
#7 C:\Users\carlos daniel\Desktop\programacion_tecnologia\vendor\laravel\framework\src\Illuminate\Routing\ControllerDispatcher.php(94): Illuminate\Routing\ControllerDispatcher->call(Object(App\Http\Controllers\TestController), Object(Illuminate\Routing\Route), 'about')
#8 [internal function]: Illuminate\Routing\ControllerDispatcher->Illuminate\Routing\{closure}(Object(Illuminate\Http\Request))
#9 C:\Users\carlos daniel\Desktop\programacion_tecnologia\vendor\laravel\framework\src\Illuminate\Routing\Pipeline.php(52): call_user_func(Object(Closure), Object(Illuminate\Http\Request))
#10 [internal function]: Illuminate\Routing\Pipeline->Illuminate\Routing\{closure}(Object(Illuminate\Http\Request))
#11 C:\Users\carlos daniel\Desktop\programacion_tecnologia\vendor\laravel\framework\src\Illuminate\Pipeline\Pipeline.php(103): call_user_func(Object(Closure), Object(Illuminate\Http\Request))
#12 C:\Users\carlos daniel\Desktop\programacion_tecnologia\vendor\laravel\framework\src\Illuminate\Routing\ControllerDispatcher.php(96): Illuminate\Pipeline\Pipeline->then(Object(Closure))
#13 C:\Users\carlos daniel\Desktop\programacion_tecnologia\vendor\laravel\framework\src\Illuminate\Routing\ControllerDispatcher.php(54): Illuminate\Routing\ControllerDispatcher->callWithinStack(Object(App\Http\Controllers\TestController), Object(Illuminate\Routing\Route), Object(Illuminate\Http\Request), 'about')
#14 C:\Users\carlos daniel\Desktop\programacion_tecnologia\vendor\laravel\framework\src\Illuminate\Routing\Route.php(174): Illuminate\Routing\ControllerDispatcher->dispatch(Object(Illuminate\Routing\Route), Object(Illuminate\Http\Request), 'App\\Http\\Contro...', 'about')
#15 C:\Users\carlos daniel\Desktop\programacion_tecnologia\vendor\laravel\framework\src\Illuminate\Routing\Route.php(140): Illuminate\Routing\Route->runController(Object(Illuminate\Http\Request))
#16 C:\Users\carlos daniel\Desktop\programacion_tecnologia\vendor\laravel\framework\src\Illuminate\Routing\Router.php(724): Illuminate\Routing\Route->run(Object(Illuminate\Http\Request))
#17 [internal function]: Illuminate\Routing\Router->Illuminate\Routing\{closure}(Object(Illuminate\Http\Request))
#18 C:\Users\carlos daniel\Desktop\programacion_tecnologia\vendor\laravel\framework\src\Illuminate\Routing\Pipeline.php(52): call_user_func(Object(Closure), Object(Illuminate\Http\Request))
#19 C:\Users\carlos daniel\Desktop\programacion_tecnologia\vendor\laravel\framework\src\Illuminate\Foundation\Http\Middleware\VerifyCsrfToken.php(64): Illuminate\Routing\Pipeline->Illuminate\Routing\{closure}(Object(Illuminate\Http\Request))
#20 [internal function]: Illuminate\Foundation\Http\Middleware\VerifyCsrfToken->handle(Object(Illuminate\Http\Request), Object(Closure))
#21 C:\Users\carlos daniel\Desktop\programacion_tecnologia\vendor\laravel\framework\src\Illuminate\Pipeline\Pipeline.php(136): call_user_func_array(Array, Array)
#22 [internal function]: Illuminate\Pipeline\Pipeline->Illuminate\Pipeline\{closure}(Object(Illuminate\Http\Request))
#23 C:\Users\carlos daniel\Desktop\programacion_tecnologia\vendor\laravel\framework\src\Illuminate\Routing\Pipeline.php(32): call_user_func(Object(Closure), Object(Illuminate\Http\Request))
#24 C:\Users\carlos daniel\Desktop\programacion_tecnologia\vendor\laravel\framework\src\Illuminate\View\Middleware\ShareErrorsFromSession.php(49): Illuminate\Routing\Pipeline->Illuminate\Routing\{closure}(Object(Illuminate\Http\Request))
#25 [internal function]: Illuminate\View\Middleware\ShareErrorsFromSession->handle(Object(Illuminate\Http\Request), Object(Closure))
#26 C:\Users\carlos daniel\Desktop\programacion_tecnologia\vendor\laravel\framework\src\Illuminate\Pipeline\Pipeline.php(136): call_user_func_array(Array, Array)
#27 [internal function]: Illuminate\Pipeline\Pipeline->Illuminate\Pipeline\{closure}(Object(Illuminate\Http\Request))
#28 C:\Users\carlos daniel\Desktop\programacion_tecnologia\vendor\laravel\framework\src\Illuminate\Routing\Pipeline.php(32): call_user_func(Object(Closure), Object(Illuminate\Http\Request))
#29 C:\Users\carlos daniel\Desktop\programacion_tecnologia\vendor\laravel\framework\src\Illuminate\Session\Middleware\StartSession.php(62): Illuminate\Routing\Pipeline->Illuminate\Routing\{closure}(Object(Illuminate\Http\Request))
#30 [internal function]: Illuminate\Session\Middleware\StartSession->handle(Object(Illuminate\Http\Request), Object(Closure))
#31 C:\Users\carlos daniel\Desktop\programacion_tecnologia\vendor\laravel\framework\src\Illuminate\Pipeline\Pipeline.php(136): call_user_func_array(Array, Array)
#32 [internal function]: Illuminate\Pipeline\Pipeline->Illuminate\Pipeline\{closure}(Object(Illuminate\Http\Request))
#33 C:\Users\carlos daniel\Desktop\programacion_tecnologia\vendor\laravel\framework\src\Illuminate\Routing\Pipeline.php(32): call_user_func(Object(Closure), Object(Illuminate\Http\Request))
#34 C:\Users\carlos daniel\Desktop\programacion_tecnologia\vendor\laravel\framework\src\Illuminate\Cookie\Middleware\AddQueuedCookiesToResponse.php(37): Illuminate\Routing\Pipeline->Illuminate\Routing\{closure}(Object(Illuminate\Http\Request))
#35 [internal function]: Illuminate\Cookie\Middleware\AddQueuedCookiesToResponse->handle(Object(Illuminate\Http\Request), Object(Closure))
#36 C:\Users\carlos daniel\Desktop\programacion_tecnologia\vendor\laravel\framework\src\Illuminate\Pipeline\Pipeline.php(136): call_user_func_array(Array, Array)
#37 [internal function]: Illuminate\Pipeline\Pipeline->Illuminate\Pipeline\{closure}(Object(Illuminate\Http\Request))
#38 C:\Users\carlos daniel\Desktop\programacion_tecnologia\vendor\laravel\framework\src\Illuminate\Routing\Pipeline.php(32): call_user_func(Object(Closure), Object(Illuminate\Http\Request))
#39 C:\Users\carlos daniel\Desktop\programacion_tecnologia\vendor\laravel\framework\src\Illuminate\Cookie\Middleware\EncryptCookies.php(59): Illuminate\Routing\Pipeline->Illuminate\Routing\{closure}(Object(Illuminate\Http\Request))
#40 [internal function]: Illuminate\Cookie\Middleware\EncryptCookies->handle(Object(Illuminate\Http\Request), Object(Closure))
#41 C:\Users\carlos daniel\Desktop\programacion_tecnologia\vendor\laravel\framework\src\Illuminate\Pipeline\Pipeline.php(136): call_user_func_array(Array, Array)
#42 [internal function]: Illuminate\Pipeline\Pipeline->Illuminate\Pipeline\{closure}(Object(Illuminate\Http\Request))
#43 C:\Users\carlos daniel\Desktop\programacion_tecnologia\vendor\laravel\framework\src\Illuminate\Routing\Pipeline.php(32): call_user_func(Object(Closure), Object(Illuminate\Http\Request))
#44 [internal function]: Illuminate\Routing\Pipeline->Illuminate\Routing\{closure}(Object(Illuminate\Http\Request))
#45 C:\Users\carlos daniel\Desktop\programacion_tecnologia\vendor\laravel\framework\src\Illuminate\Pipeline\Pipeline.php(103): call_user_func(Object(Closure), Object(Illuminate\Http\Request))
#46 C:\Users\carlos daniel\Desktop\programacion_tecnologia\vendor\laravel\framework\src\Illuminate\Routing\Router.php(726): Illuminate\Pipeline\Pipeline->then(Object(Closure))
#47 C:\Users\carlos daniel\Desktop\programacion_tecnologia\vendor\laravel\framework\src\Illuminate\Routing\Router.php(699): Illuminate\Routing\Router->runRouteWithinStack(Object(Illuminate\Routing\Route), Object(Illuminate\Http\Request))
#48 C:\Users\carlos daniel\Desktop\programacion_tecnologia\vendor\laravel\framework\src\Illuminate\Routing\Router.php(675): Illuminate\Routing\Router->dispatchToRoute(Object(Illuminate\Http\Request))
#49 C:\Users\carlos daniel\Desktop\programacion_tecnologia\vendor\laravel\framework\src\Illuminate\Foundation\Http\Kernel.php(246): Illuminate\Routing\Router->dispatch(Object(Illuminate\Http\Request))
#50 [internal function]: Illuminate\Foundation\Http\Kernel->Illuminate\Foundation\Http\{closure}(Object(Illuminate\Http\Request))
#51 C:\Users\carlos daniel\Desktop\programacion_tecnologia\vendor\laravel\framework\src\Illuminate\Routing\Pipeline.php(52): call_user_func(Object(Closure), Object(Illuminate\Http\Request))
#52 C:\Users\carlos daniel\Desktop\programacion_tecnologia\vendor\laravel\framework\src\Illuminate\Foundation\Http\Middleware\CheckForMaintenanceMode.php(44): Illuminate\Routing\Pipeline->Illuminate\Routing\{closure}(Object(Illuminate\Http\Request))
#53 [internal function]: Illuminate\Foundation\Http\Middleware\CheckForMaintenanceMode->handle(Object(Illuminate\Http\Request), Object(Closure))
#54 C:\Users\carlos daniel\Desktop\programacion_tecnologia\vendor\laravel\framework\src\Illuminate\Pipeline\Pipeline.php(136): call_user_func_array(Array, Array)
#55 [internal function]: Illuminate\Pipeline\Pipeline->Illuminate\Pipeline\{closure}(Object(Illuminate\Http\Request))
#56 C:\Users\carlos daniel\Desktop\programacion_tecnologia\vendor\laravel\framework\src\Illuminate\Routing\Pipeline.php(32): call_user_func(Object(Closure), Object(Illuminate\Http\Request))
#57 [internal function]: Illuminate\Routing\Pipeline->Illuminate\Routing\{closure}(Object(Illuminate\Http\Request))
#58 C:\Users\carlos daniel\Desktop\programacion_tecnologia\vendor\laravel\framework\src\Illuminate\Pipeline\Pipeline.php(103): call_user_func(Object(Closure), Object(Illuminate\Http\Request))
#59 C:\Users\carlos daniel\Desktop\programacion_tecnologia\vendor\laravel\framework\src\Illuminate\Foundation\Http\Kernel.php(132): Illuminate\Pipeline\Pipeline->then(Object(Closure))
#60 C:\Users\carlos daniel\Desktop\programacion_tecnologia\vendor\laravel\framework\src\Illuminate\Foundation\Http\Kernel.php(99): Illuminate\Foundation\Http\Kernel->sendRequestThroughRouter(Object(Illuminate\Http\Request))
#61 C:\Users\carlos daniel\Desktop\programacion_tecnologia\public\index.php(54): Illuminate\Foundation\Http\Kernel->handle(Object(Illuminate\Http\Request))
#62 C:\Users\carlos daniel\Desktop\programacion_tecnologia\server.php(21): require_once('C:\\Users\\carlos...')
#63 {main}  
[2016-07-11 17:50:05] local.ERROR: exception 'InvalidArgumentException' with message 'View [contact.index] not found.' in C:\Users\carlos daniel\Desktop\programacion_tecnologia\vendor\laravel\framework\src\Illuminate\View\FileViewFinder.php:137
Stack trace:
#0 C:\Users\carlos daniel\Desktop\programacion_tecnologia\vendor\laravel\framework\src\Illuminate\View\FileViewFinder.php(79): Illuminate\View\FileViewFinder->findInPaths('contact.index', Array)
#1 C:\Users\carlos daniel\Desktop\programacion_tecnologia\vendor\laravel\framework\src\Illuminate\View\Factory.php(165): Illuminate\View\FileViewFinder->find('contact.index')
#2 C:\Users\carlos daniel\Desktop\programacion_tecnologia\vendor\laravel\framework\src\Illuminate\Foundation\helpers.php(779): Illuminate\View\Factory->make('contact.index', Array, Array)
#3 C:\Users\carlos daniel\Desktop\programacion_tecnologia\app\Http\Controllers\TestController.php(24): view('contact.index')
#4 [internal function]: App\Http\Controllers\TestController->contact()
#5 C:\Users\carlos daniel\Desktop\programacion_tecnologia\vendor\laravel\framework\src\Illuminate\Routing\Controller.php(80): call_user_func_array(Array, Array)
#6 C:\Users\carlos daniel\Desktop\programacion_tecnologia\vendor\laravel\framework\src\Illuminate\Routing\ControllerDispatcher.php(146): Illuminate\Routing\Controller->callAction('contact', Array)
#7 C:\Users\carlos daniel\Desktop\programacion_tecnologia\vendor\laravel\framework\src\Illuminate\Routing\ControllerDispatcher.php(94): Illuminate\Routing\ControllerDispatcher->call(Object(App\Http\Controllers\TestController), Object(Illuminate\Routing\Route), 'contact')
#8 [internal function]: Illuminate\Routing\ControllerDispatcher->Illuminate\Routing\{closure}(Object(Illuminate\Http\Request))
#9 C:\Users\carlos daniel\Desktop\programacion_tecnologia\vendor\laravel\framework\src\Illuminate\Routing\Pipeline.php(52): call_user_func(Object(Closure), Object(Illuminate\Http\Request))
#10 [internal function]: Illuminate\Routing\Pipeline->Illuminate\Routing\{closure}(Object(Illuminate\Http\Request))
#11 C:\Users\carlos daniel\Desktop\programacion_tecnologia\vendor\laravel\framework\src\Illuminate\Pipeline\Pipeline.php(103): call_user_func(Object(Closure), Object(Illuminate\Http\Request))
#12 C:\Users\carlos daniel\Desktop\programacion_tecnologia\vendor\laravel\framework\src\Illuminate\Routing\ControllerDispatcher.php(96): Illuminate\Pipeline\Pipeline->then(Object(Closure))
#13 C:\Users\carlos daniel\Desktop\programacion_tecnologia\vendor\laravel\framework\src\Illuminate\Routing\ControllerDispatcher.php(54): Illuminate\Routing\ControllerDispatcher->callWithinStack(Object(App\Http\Controllers\TestController), Object(Illuminate\Routing\Route), Object(Illuminate\Http\Request), 'contact')
#14 C:\Users\carlos daniel\Desktop\programacion_tecnologia\vendor\laravel\framework\src\Illuminate\Routing\Route.php(174): Illuminate\Routing\ControllerDispatcher->dispatch(Object(Illuminate\Routing\Route), Object(Illuminate\Http\Request), 'App\\Http\\Contro...', 'contact')
#15 C:\Users\carlos daniel\Desktop\programacion_tecnologia\vendor\laravel\framework\src\Illuminate\Routing\Route.php(140): Illuminate\Routing\Route->runController(Object(Illuminate\Http\Request))
#16 C:\Users\carlos daniel\Desktop\programacion_tecnologia\vendor\laravel\framework\src\Illuminate\Routing\Router.php(724): Illuminate\Routing\Route->run(Object(Illuminate\Http\Request))
#17 [internal function]: Illuminate\Routing\Router->Illuminate\Routing\{closure}(Object(Illuminate\Http\Request))
#18 C:\Users\carlos daniel\Desktop\programacion_tecnologia\vendor\laravel\framework\src\Illuminate\Routing\Pipeline.php(52): call_user_func(Object(Closure), Object(Illuminate\Http\Request))
#19 C:\Users\carlos daniel\Desktop\programacion_tecnologia\vendor\laravel\framework\src\Illuminate\Foundation\Http\Middleware\VerifyCsrfToken.php(64): Illuminate\Routing\Pipeline->Illuminate\Routing\{closure}(Object(Illuminate\Http\Request))
#20 [internal function]: Illuminate\Foundation\Http\Middleware\VerifyCsrfToken->handle(Object(Illuminate\Http\Request), Object(Closure))
#21 C:\Users\carlos daniel\Desktop\programacion_tecnologia\vendor\laravel\framework\src\Illuminate\Pipeline\Pipeline.php(136): call_user_func_array(Array, Array)
#22 [internal function]: Illuminate\Pipeline\Pipeline->Illuminate\Pipeline\{closure}(Object(Illuminate\Http\Request))
#23 C:\Users\carlos daniel\Desktop\programacion_tecnologia\vendor\laravel\framework\src\Illuminate\Routing\Pipeline.php(32): call_user_func(Object(Closure), Object(Illuminate\Http\Request))
#24 C:\Users\carlos daniel\Desktop\programacion_tecnologia\vendor\laravel\framework\src\Illuminate\View\Middleware\ShareErrorsFromSession.php(49): Illuminate\Routing\Pipeline->Illuminate\Routing\{closure}(Object(Illuminate\Http\Request))
#25 [internal function]: Illuminate\View\Middleware\ShareErrorsFromSession->handle(Object(Illuminate\Http\Request), Object(Closure))
#26 C:\Users\carlos daniel\Desktop\programacion_tecnologia\vendor\laravel\framework\src\Illuminate\Pipeline\Pipeline.php(136): call_user_func_array(Array, Array)
#27 [internal function]: Illuminate\Pipeline\Pipeline->Illuminate\Pipeline\{closure}(Object(Illuminate\Http\Request))
#28 C:\Users\carlos daniel\Desktop\programacion_tecnologia\vendor\laravel\framework\src\Illuminate\Routing\Pipeline.php(32): call_user_func(Object(Closure), Object(Illuminate\Http\Request))
#29 C:\Users\carlos daniel\Desktop\programacion_tecnologia\vendor\laravel\framework\src\Illuminate\Session\Middleware\StartSession.php(62): Illuminate\Routing\Pipeline->Illuminate\Routing\{closure}(Object(Illuminate\Http\Request))
#30 [internal function]: Illuminate\Session\Middleware\StartSession->handle(Object(Illuminate\Http\Request), Object(Closure))
#31 C:\Users\carlos daniel\Desktop\programacion_tecnologia\vendor\laravel\framework\src\Illuminate\Pipeline\Pipeline.php(136): call_user_func_array(Array, Array)
#32 [internal function]: Illuminate\Pipeline\Pipeline->Illuminate\Pipeline\{closure}(Object(Illuminate\Http\Request))
#33 C:\Users\carlos daniel\Desktop\programacion_tecnologia\vendor\laravel\framework\src\Illuminate\Routing\Pipeline.php(32): call_user_func(Object(Closure), Object(Illuminate\Http\Request))
#34 C:\Users\carlos daniel\Desktop\programacion_tecnologia\vendor\laravel\framework\src\Illuminate\Cookie\Middleware\AddQueuedCookiesToResponse.php(37): Illuminate\Routing\Pipeline->Illuminate\Routing\{closure}(Object(Illuminate\Http\Request))
#35 [internal function]: Illuminate\Cookie\Middleware\AddQueuedCookiesToResponse->handle(Object(Illuminate\Http\Request), Object(Closure))
#36 C:\Users\carlos daniel\Desktop\programacion_tecnologia\vendor\laravel\framework\src\Illuminate\Pipeline\Pipeline.php(136): call_user_func_array(Array, Array)
#37 [internal function]: Illuminate\Pipeline\Pipeline->Illuminate\Pipeline\{closure}(Object(Illuminate\Http\Request))
#38 C:\Users\carlos daniel\Desktop\programacion_tecnologia\vendor\laravel\framework\src\Illuminate\Routing\Pipeline.php(32): call_user_func(Object(Closure), Object(Illuminate\Http\Request))
#39 C:\Users\carlos daniel\Desktop\programacion_tecnologia\vendor\laravel\framework\src\Illuminate\Cookie\Middleware\EncryptCookies.php(59): Illuminate\Routing\Pipeline->Illuminate\Routing\{closure}(Object(Illuminate\Http\Request))
#40 [internal function]: Illuminate\Cookie\Middleware\EncryptCookies->handle(Object(Illuminate\Http\Request), Object(Closure))
#41 C:\Users\carlos daniel\Desktop\programacion_tecnologia\vendor\laravel\framework\src\Illuminate\Pipeline\Pipeline.php(136): call_user_func_array(Array, Array)
#42 [internal function]: Illuminate\Pipeline\Pipeline->Illuminate\Pipeline\{closure}(Object(Illuminate\Http\Request))
#43 C:\Users\carlos daniel\Desktop\programacion_tecnologia\vendor\laravel\framework\src\Illuminate\Routing\Pipeline.php(32): call_user_func(Object(Closure), Object(Illuminate\Http\Request))
#44 [internal function]: Illuminate\Routing\Pipeline->Illuminate\Routing\{closure}(Object(Illuminate\Http\Request))
#45 C:\Users\carlos daniel\Desktop\programacion_tecnologia\vendor\laravel\framework\src\Illuminate\Pipeline\Pipeline.php(103): call_user_func(Object(Closure), Object(Illuminate\Http\Request))
#46 C:\Users\carlos daniel\Desktop\programacion_tecnologia\vendor\laravel\framework\src\Illuminate\Routing\Router.php(726): Illuminate\Pipeline\Pipeline->then(Object(Closure))
#47 C:\Users\carlos daniel\Desktop\programacion_tecnologia\vendor\laravel\framework\src\Illuminate\Routing\Router.php(699): Illuminate\Routing\Router->runRouteWithinStack(Object(Illuminate\Routing\Route), Object(Illuminate\Http\Request))
#48 C:\Users\carlos daniel\Desktop\programacion_tecnologia\vendor\laravel\framework\src\Illuminate\Routing\Router.php(675): Illuminate\Routing\Router->dispatchToRoute(Object(Illuminate\Http\Request))
#49 C:\Users\carlos daniel\Desktop\programacion_tecnologia\vendor\laravel\framework\src\Illuminate\Foundation\Http\Kernel.php(246): Illuminate\Routing\Router->dispatch(Object(Illuminate\Http\Request))
#50 [internal function]: Illuminate\Foundation\Http\Kernel->Illuminate\Foundation\Http\{closure}(Object(Illuminate\Http\Request))
#51 C:\Users\carlos daniel\Desktop\programacion_tecnologia\vendor\laravel\framework\src\Illuminate\Routing\Pipeline.php(52): call_user_func(Object(Closure), Object(Illuminate\Http\Request))
#52 C:\Users\carlos daniel\Desktop\programacion_tecnologia\vendor\laravel\framework\src\Illuminate\Foundation\Http\Middleware\CheckForMaintenanceMode.php(44): Illuminate\Routing\Pipeline->Illuminate\Routing\{closure}(Object(Illuminate\Http\Request))
#53 [internal function]: Illuminate\Foundation\Http\Middleware\CheckForMaintenanceMode->handle(Object(Illuminate\Http\Request), Object(Closure))
#54 C:\Users\carlos daniel\Desktop\programacion_tecnologia\vendor\laravel\framework\src\Illuminate\Pipeline\Pipeline.php(136): call_user_func_array(Array, Array)
#55 [internal function]: Illuminate\Pipeline\Pipeline->Illuminate\Pipeline\{closure}(Object(Illuminate\Http\Request))
#56 C:\Users\carlos daniel\Desktop\programacion_tecnologia\vendor\laravel\framework\src\Illuminate\Routing\Pipeline.php(32): call_user_func(Object(Closure), Object(Illuminate\Http\Request))
#57 [internal function]: Illuminate\Routing\Pipeline->Illuminate\Routing\{closure}(Object(Illuminate\Http\Request))
#58 C:\Users\carlos daniel\Desktop\programacion_tecnologia\vendor\laravel\framework\src\Illuminate\Pipeline\Pipeline.php(103): call_user_func(Object(Closure), Object(Illuminate\Http\Request))
#59 C:\Users\carlos daniel\Desktop\programacion_tecnologia\vendor\laravel\framework\src\Illuminate\Foundation\Http\Kernel.php(132): Illuminate\Pipeline\Pipeline->then(Object(Closure))
#60 C:\Users\carlos daniel\Desktop\programacion_tecnologia\vendor\laravel\framework\src\Illuminate\Foundation\Http\Kernel.php(99): Illuminate\Foundation\Http\Kernel->sendRequestThroughRouter(Object(Illuminate\Http\Request))
#61 C:\Users\carlos daniel\Desktop\programacion_tecnologia\public\index.php(54): Illuminate\Foundation\Http\Kernel->handle(Object(Illuminate\Http\Request))
#62 C:\Users\carlos daniel\Desktop\programacion_tecnologia\server.php(21): require_once('C:\\Users\\carlos...')
#63 {main}  
[2016-07-11 17:50:08] local.ERROR: exception 'InvalidArgumentException' with message 'View [about.index] not found.' in C:\Users\carlos daniel\Desktop\programacion_tecnologia\vendor\laravel\framework\src\Illuminate\View\FileViewFinder.php:137
Stack trace:
#0 C:\Users\carlos daniel\Desktop\programacion_tecnologia\vendor\laravel\framework\src\Illuminate\View\FileViewFinder.php(79): Illuminate\View\FileViewFinder->findInPaths('about.index', Array)
#1 C:\Users\carlos daniel\Desktop\programacion_tecnologia\vendor\laravel\framework\src\Illuminate\View\Factory.php(165): Illuminate\View\FileViewFinder->find('about.index')
#2 C:\Users\carlos daniel\Desktop\programacion_tecnologia\vendor\laravel\framework\src\Illuminate\Foundation\helpers.php(779): Illuminate\View\Factory->make('about.index', Array, Array)
#3 C:\Users\carlos daniel\Desktop\programacion_tecnologia\app\Http\Controllers\TestController.php(19): view('about.index')
#4 [internal function]: App\Http\Controllers\TestController->about()
#5 C:\Users\carlos daniel\Desktop\programacion_tecnologia\vendor\laravel\framework\src\Illuminate\Routing\Controller.php(80): call_user_func_array(Array, Array)
#6 C:\Users\carlos daniel\Desktop\programacion_tecnologia\vendor\laravel\framework\src\Illuminate\Routing\ControllerDispatcher.php(146): Illuminate\Routing\Controller->callAction('about', Array)
#7 C:\Users\carlos daniel\Desktop\programacion_tecnologia\vendor\laravel\framework\src\Illuminate\Routing\ControllerDispatcher.php(94): Illuminate\Routing\ControllerDispatcher->call(Object(App\Http\Controllers\TestController), Object(Illuminate\Routing\Route), 'about')
#8 [internal function]: Illuminate\Routing\ControllerDispatcher->Illuminate\Routing\{closure}(Object(Illuminate\Http\Request))
#9 C:\Users\carlos daniel\Desktop\programacion_tecnologia\vendor\laravel\framework\src\Illuminate\Routing\Pipeline.php(52): call_user_func(Object(Closure), Object(Illuminate\Http\Request))
#10 [internal function]: Illuminate\Routing\Pipeline->Illuminate\Routing\{closure}(Object(Illuminate\Http\Request))
#11 C:\Users\carlos daniel\Desktop\programacion_tecnologia\vendor\laravel\framework\src\Illuminate\Pipeline\Pipeline.php(103): call_user_func(Object(Closure), Object(Illuminate\Http\Request))
#12 C:\Users\carlos daniel\Desktop\programacion_tecnologia\vendor\laravel\framework\src\Illuminate\Routing\ControllerDispatcher.php(96): Illuminate\Pipeline\Pipeline->then(Object(Closure))
#13 C:\Users\carlos daniel\Desktop\programacion_tecnologia\vendor\laravel\framework\src\Illuminate\Routing\ControllerDispatcher.php(54): Illuminate\Routing\ControllerDispatcher->callWithinStack(Object(App\Http\Controllers\TestController), Object(Illuminate\Routing\Route), Object(Illuminate\Http\Request), 'about')
#14 C:\Users\carlos daniel\Desktop\programacion_tecnologia\vendor\laravel\framework\src\Illuminate\Routing\Route.php(174): Illuminate\Routing\ControllerDispatcher->dispatch(Object(Illuminate\Routing\Route), Object(Illuminate\Http\Request), 'App\\Http\\Contro...', 'about')
#15 C:\Users\carlos daniel\Desktop\programacion_tecnologia\vendor\laravel\framework\src\Illuminate\Routing\Route.php(140): Illuminate\Routing\Route->runController(Object(Illuminate\Http\Request))
#16 C:\Users\carlos daniel\Desktop\programacion_tecnologia\vendor\laravel\framework\src\Illuminate\Routing\Router.php(724): Illuminate\Routing\Route->run(Object(Illuminate\Http\Request))
#17 [internal function]: Illuminate\Routing\Router->Illuminate\Routing\{closure}(Object(Illuminate\Http\Request))
#18 C:\Users\carlos daniel\Desktop\programacion_tecnologia\vendor\laravel\framework\src\Illuminate\Routing\Pipeline.php(52): call_user_func(Object(Closure), Object(Illuminate\Http\Request))
#19 C:\Users\carlos daniel\Desktop\programacion_tecnologia\vendor\laravel\framework\src\Illuminate\Foundation\Http\Middleware\VerifyCsrfToken.php(64): Illuminate\Routing\Pipeline->Illuminate\Routing\{closure}(Object(Illuminate\Http\Request))
#20 [internal function]: Illuminate\Foundation\Http\Middleware\VerifyCsrfToken->handle(Object(Illuminate\Http\Request), Object(Closure))
#21 C:\Users\carlos daniel\Desktop\programacion_tecnologia\vendor\laravel\framework\src\Illuminate\Pipeline\Pipeline.php(136): call_user_func_array(Array, Array)
#22 [internal function]: Illuminate\Pipeline\Pipeline->Illuminate\Pipeline\{closure}(Object(Illuminate\Http\Request))
#23 C:\Users\carlos daniel\Desktop\programacion_tecnologia\vendor\laravel\framework\src\Illuminate\Routing\Pipeline.php(32): call_user_func(Object(Closure), Object(Illuminate\Http\Request))
#24 C:\Users\carlos daniel\Desktop\programacion_tecnologia\vendor\laravel\framework\src\Illuminate\View\Middleware\ShareErrorsFromSession.php(49): Illuminate\Routing\Pipeline->Illuminate\Routing\{closure}(Object(Illuminate\Http\Request))
#25 [internal function]: Illuminate\View\Middleware\ShareErrorsFromSession->handle(Object(Illuminate\Http\Request), Object(Closure))
#26 C:\Users\carlos daniel\Desktop\programacion_tecnologia\vendor\laravel\framework\src\Illuminate\Pipeline\Pipeline.php(136): call_user_func_array(Array, Array)
#27 [internal function]: Illuminate\Pipeline\Pipeline->Illuminate\Pipeline\{closure}(Object(Illuminate\Http\Request))
#28 C:\Users\carlos daniel\Desktop\programacion_tecnologia\vendor\laravel\framework\src\Illuminate\Routing\Pipeline.php(32): call_user_func(Object(Closure), Object(Illuminate\Http\Request))
#29 C:\Users\carlos daniel\Desktop\programacion_tecnologia\vendor\laravel\framework\src\Illuminate\Session\Middleware\StartSession.php(62): Illuminate\Routing\Pipeline->Illuminate\Routing\{closure}(Object(Illuminate\Http\Request))
#30 [internal function]: Illuminate\Session\Middleware\StartSession->handle(Object(Illuminate\Http\Request), Object(Closure))
#31 C:\Users\carlos daniel\Desktop\programacion_tecnologia\vendor\laravel\framework\src\Illuminate\Pipeline\Pipeline.php(136): call_user_func_array(Array, Array)
#32 [internal function]: Illuminate\Pipeline\Pipeline->Illuminate\Pipeline\{closure}(Object(Illuminate\Http\Request))
#33 C:\Users\carlos daniel\Desktop\programacion_tecnologia\vendor\laravel\framework\src\Illuminate\Routing\Pipeline.php(32): call_user_func(Object(Closure), Object(Illuminate\Http\Request))
#34 C:\Users\carlos daniel\Desktop\programacion_tecnologia\vendor\laravel\framework\src\Illuminate\Cookie\Middleware\AddQueuedCookiesToResponse.php(37): Illuminate\Routing\Pipeline->Illuminate\Routing\{closure}(Object(Illuminate\Http\Request))
#35 [internal function]: Illuminate\Cookie\Middleware\AddQueuedCookiesToResponse->handle(Object(Illuminate\Http\Request), Object(Closure))
#36 C:\Users\carlos daniel\Desktop\programacion_tecnologia\vendor\laravel\framework\src\Illuminate\Pipeline\Pipeline.php(136): call_user_func_array(Array, Array)
#37 [internal function]: Illuminate\Pipeline\Pipeline->Illuminate\Pipeline\{closure}(Object(Illuminate\Http\Request))
#38 C:\Users\carlos daniel\Desktop\programacion_tecnologia\vendor\laravel\framework\src\Illuminate\Routing\Pipeline.php(32): call_user_func(Object(Closure), Object(Illuminate\Http\Request))
#39 C:\Users\carlos daniel\Desktop\programacion_tecnologia\vendor\laravel\framework\src\Illuminate\Cookie\Middleware\EncryptCookies.php(59): Illuminate\Routing\Pipeline->Illuminate\Routing\{closure}(Object(Illuminate\Http\Request))
#40 [internal function]: Illuminate\Cookie\Middleware\EncryptCookies->handle(Object(Illuminate\Http\Request), Object(Closure))
#41 C:\Users\carlos daniel\Desktop\programacion_tecnologia\vendor\laravel\framework\src\Illuminate\Pipeline\Pipeline.php(136): call_user_func_array(Array, Array)
#42 [internal function]: Illuminate\Pipeline\Pipeline->Illuminate\Pipeline\{closure}(Object(Illuminate\Http\Request))
#43 C:\Users\carlos daniel\Desktop\programacion_tecnologia\vendor\laravel\framework\src\Illuminate\Routing\Pipeline.php(32): call_user_func(Object(Closure), Object(Illuminate\Http\Request))
#44 [internal function]: Illuminate\Routing\Pipeline->Illuminate\Routing\{closure}(Object(Illuminate\Http\Request))
#45 C:\Users\carlos daniel\Desktop\programacion_tecnologia\vendor\laravel\framework\src\Illuminate\Pipeline\Pipeline.php(103): call_user_func(Object(Closure), Object(Illuminate\Http\Request))
#46 C:\Users\carlos daniel\Desktop\programacion_tecnologia\vendor\laravel\framework\src\Illuminate\Routing\Router.php(726): Illuminate\Pipeline\Pipeline->then(Object(Closure))
#47 C:\Users\carlos daniel\Desktop\programacion_tecnologia\vendor\laravel\framework\src\Illuminate\Routing\Router.php(699): Illuminate\Routing\Router->runRouteWithinStack(Object(Illuminate\Routing\Route), Object(Illuminate\Http\Request))
#48 C:\Users\carlos daniel\Desktop\programacion_tecnologia\vendor\laravel\framework\src\Illuminate\Routing\Router.php(675): Illuminate\Routing\Router->dispatchToRoute(Object(Illuminate\Http\Request))
#49 C:\Users\carlos daniel\Desktop\programacion_tecnologia\vendor\laravel\framework\src\Illuminate\Foundation\Http\Kernel.php(246): Illuminate\Routing\Router->dispatch(Object(Illuminate\Http\Request))
#50 [internal function]: Illuminate\Foundation\Http\Kernel->Illuminate\Foundation\Http\{closure}(Object(Illuminate\Http\Request))
#51 C:\Users\carlos daniel\Desktop\programacion_tecnologia\vendor\laravel\framework\src\Illuminate\Routing\Pipeline.php(52): call_user_func(Object(Closure), Object(Illuminate\Http\Request))
#52 C:\Users\carlos daniel\Desktop\programacion_tecnologia\vendor\laravel\framework\src\Illuminate\Foundation\Http\Middleware\CheckForMaintenanceMode.php(44): Illuminate\Routing\Pipeline->Illuminate\Routing\{closure}(Object(Illuminate\Http\Request))
#53 [internal function]: Illuminate\Foundation\Http\Middleware\CheckForMaintenanceMode->handle(Object(Illuminate\Http\Request), Object(Closure))
#54 C:\Users\carlos daniel\Desktop\programacion_tecnologia\vendor\laravel\framework\src\Illuminate\Pipeline\Pipeline.php(136): call_user_func_array(Array, Array)
#55 [internal function]: Illuminate\Pipeline\Pipeline->Illuminate\Pipeline\{closure}(Object(Illuminate\Http\Request))
#56 C:\Users\carlos daniel\Desktop\programacion_tecnologia\vendor\laravel\framework\src\Illuminate\Routing\Pipeline.php(32): call_user_func(Object(Closure), Object(Illuminate\Http\Request))
#57 [internal function]: Illuminate\Routing\Pipeline->Illuminate\Routing\{closure}(Object(Illuminate\Http\Request))
#58 C:\Users\carlos daniel\Desktop\programacion_tecnologia\vendor\laravel\framework\src\Illuminate\Pipeline\Pipeline.php(103): call_user_func(Object(Closure), Object(Illuminate\Http\Request))
#59 C:\Users\carlos daniel\Desktop\programacion_tecnologia\vendor\laravel\framework\src\Illuminate\Foundation\Http\Kernel.php(132): Illuminate\Pipeline\Pipeline->then(Object(Closure))
#60 C:\Users\carlos daniel\Desktop\programacion_tecnologia\vendor\laravel\framework\src\Illuminate\Foundation\Http\Kernel.php(99): Illuminate\Foundation\Http\Kernel->sendRequestThroughRouter(Object(Illuminate\Http\Request))
#61 C:\Users\carlos daniel\Desktop\programacion_tecnologia\public\index.php(54): Illuminate\Foundation\Http\Kernel->handle(Object(Illuminate\Http\Request))
#62 C:\Users\carlos daniel\Desktop\programacion_tecnologia\server.php(21): require_once('C:\\Users\\carlos...')
#63 {main}  
[2016-07-11 18:02:32] local.ERROR: exception 'InvalidArgumentException' with message 'View [pruebas.post2] not found.' in C:\Users\carlos daniel\Desktop\programacion_tecnologia\vendor\laravel\framework\src\Illuminate\View\FileViewFinder.php:137
Stack trace:
#0 C:\Users\carlos daniel\Desktop\programacion_tecnologia\vendor\laravel\framework\src\Illuminate\View\FileViewFinder.php(79): Illuminate\View\FileViewFinder->findInPaths('pruebas.post2', Array)
#1 C:\Users\carlos daniel\Desktop\programacion_tecnologia\vendor\laravel\framework\src\Illuminate\View\Factory.php(165): Illuminate\View\FileViewFinder->find('pruebas.post2')
#2 C:\Users\carlos daniel\Desktop\programacion_tecnologia\vendor\laravel\framework\src\Illuminate\Foundation\helpers.php(779): Illuminate\View\Factory->make('pruebas.post2', Array, Array)
#3 C:\Users\carlos daniel\Desktop\programacion_tecnologia\app\Http\Controllers\TestController.php(36): view('pruebas.post2')
#4 [internal function]: App\Http\Controllers\TestController->post2()
#5 C:\Users\carlos daniel\Desktop\programacion_tecnologia\vendor\laravel\framework\src\Illuminate\Routing\Controller.php(80): call_user_func_array(Array, Array)
#6 C:\Users\carlos daniel\Desktop\programacion_tecnologia\vendor\laravel\framework\src\Illuminate\Routing\ControllerDispatcher.php(146): Illuminate\Routing\Controller->callAction('post2', Array)
#7 C:\Users\carlos daniel\Desktop\programacion_tecnologia\vendor\laravel\framework\src\Illuminate\Routing\ControllerDispatcher.php(94): Illuminate\Routing\ControllerDispatcher->call(Object(App\Http\Controllers\TestController), Object(Illuminate\Routing\Route), 'post2')
#8 [internal function]: Illuminate\Routing\ControllerDispatcher->Illuminate\Routing\{closure}(Object(Illuminate\Http\Request))
#9 C:\Users\carlos daniel\Desktop\programacion_tecnologia\vendor\laravel\framework\src\Illuminate\Routing\Pipeline.php(52): call_user_func(Object(Closure), Object(Illuminate\Http\Request))
#10 [internal function]: Illuminate\Routing\Pipeline->Illuminate\Routing\{closure}(Object(Illuminate\Http\Request))
#11 C:\Users\carlos daniel\Desktop\programacion_tecnologia\vendor\laravel\framework\src\Illuminate\Pipeline\Pipeline.php(103): call_user_func(Object(Closure), Object(Illuminate\Http\Request))
#12 C:\Users\carlos daniel\Desktop\programacion_tecnologia\vendor\laravel\framework\src\Illuminate\Routing\ControllerDispatcher.php(96): Illuminate\Pipeline\Pipeline->then(Object(Closure))
#13 C:\Users\carlos daniel\Desktop\programacion_tecnologia\vendor\laravel\framework\src\Illuminate\Routing\ControllerDispatcher.php(54): Illuminate\Routing\ControllerDispatcher->callWithinStack(Object(App\Http\Controllers\TestController), Object(Illuminate\Routing\Route), Object(Illuminate\Http\Request), 'post2')
#14 C:\Users\carlos daniel\Desktop\programacion_tecnologia\vendor\laravel\framework\src\Illuminate\Routing\Route.php(174): Illuminate\Routing\ControllerDispatcher->dispatch(Object(Illuminate\Routing\Route), Object(Illuminate\Http\Request), 'App\\Http\\Contro...', 'post2')
#15 C:\Users\carlos daniel\Desktop\programacion_tecnologia\vendor\laravel\framework\src\Illuminate\Routing\Route.php(140): Illuminate\Routing\Route->runController(Object(Illuminate\Http\Request))
#16 C:\Users\carlos daniel\Desktop\programacion_tecnologia\vendor\laravel\framework\src\Illuminate\Routing\Router.php(724): Illuminate\Routing\Route->run(Object(Illuminate\Http\Request))
#17 [internal function]: Illuminate\Routing\Router->Illuminate\Routing\{closure}(Object(Illuminate\Http\Request))
#18 C:\Users\carlos daniel\Desktop\programacion_tecnologia\vendor\laravel\framework\src\Illuminate\Routing\Pipeline.php(52): call_user_func(Object(Closure), Object(Illuminate\Http\Request))
#19 C:\Users\carlos daniel\Desktop\programacion_tecnologia\vendor\laravel\framework\src\Illuminate\Foundation\Http\Middleware\VerifyCsrfToken.php(64): Illuminate\Routing\Pipeline->Illuminate\Routing\{closure}(Object(Illuminate\Http\Request))
#20 [internal function]: Illuminate\Foundation\Http\Middleware\VerifyCsrfToken->handle(Object(Illuminate\Http\Request), Object(Closure))
#21 C:\Users\carlos daniel\Desktop\programacion_tecnologia\vendor\laravel\framework\src\Illuminate\Pipeline\Pipeline.php(136): call_user_func_array(Array, Array)
#22 [internal function]: Illuminate\Pipeline\Pipeline->Illuminate\Pipeline\{closure}(Object(Illuminate\Http\Request))
#23 C:\Users\carlos daniel\Desktop\programacion_tecnologia\vendor\laravel\framework\src\Illuminate\Routing\Pipeline.php(32): call_user_func(Object(Closure), Object(Illuminate\Http\Request))
#24 C:\Users\carlos daniel\Desktop\programacion_tecnologia\vendor\laravel\framework\src\Illuminate\View\Middleware\ShareErrorsFromSession.php(49): Illuminate\Routing\Pipeline->Illuminate\Routing\{closure}(Object(Illuminate\Http\Request))
#25 [internal function]: Illuminate\View\Middleware\ShareErrorsFromSession->handle(Object(Illuminate\Http\Request), Object(Closure))
#26 C:\Users\carlos daniel\Desktop\programacion_tecnologia\vendor\laravel\framework\src\Illuminate\Pipeline\Pipeline.php(136): call_user_func_array(Array, Array)
#27 [internal function]: Illuminate\Pipeline\Pipeline->Illuminate\Pipeline\{closure}(Object(Illuminate\Http\Request))
#28 C:\Users\carlos daniel\Desktop\programacion_tecnologia\vendor\laravel\framework\src\Illuminate\Routing\Pipeline.php(32): call_user_func(Object(Closure), Object(Illuminate\Http\Request))
#29 C:\Users\carlos daniel\Desktop\programacion_tecnologia\vendor\laravel\framework\src\Illuminate\Session\Middleware\StartSession.php(62): Illuminate\Routing\Pipeline->Illuminate\Routing\{closure}(Object(Illuminate\Http\Request))
#30 [internal function]: Illuminate\Session\Middleware\StartSession->handle(Object(Illuminate\Http\Request), Object(Closure))
#31 C:\Users\carlos daniel\Desktop\programacion_tecnologia\vendor\laravel\framework\src\Illuminate\Pipeline\Pipeline.php(136): call_user_func_array(Array, Array)
#32 [internal function]: Illuminate\Pipeline\Pipeline->Illuminate\Pipeline\{closure}(Object(Illuminate\Http\Request))
#33 C:\Users\carlos daniel\Desktop\programacion_tecnologia\vendor\laravel\framework\src\Illuminate\Routing\Pipeline.php(32): call_user_func(Object(Closure), Object(Illuminate\Http\Request))
#34 C:\Users\carlos daniel\Desktop\programacion_tecnologia\vendor\laravel\framework\src\Illuminate\Cookie\Middleware\AddQueuedCookiesToResponse.php(37): Illuminate\Routing\Pipeline->Illuminate\Routing\{closure}(Object(Illuminate\Http\Request))
#35 [internal function]: Illuminate\Cookie\Middleware\AddQueuedCookiesToResponse->handle(Object(Illuminate\Http\Request), Object(Closure))
#36 C:\Users\carlos daniel\Desktop\programacion_tecnologia\vendor\laravel\framework\src\Illuminate\Pipeline\Pipeline.php(136): call_user_func_array(Array, Array)
#37 [internal function]: Illuminate\Pipeline\Pipeline->Illuminate\Pipeline\{closure}(Object(Illuminate\Http\Request))
#38 C:\Users\carlos daniel\Desktop\programacion_tecnologia\vendor\laravel\framework\src\Illuminate\Routing\Pipeline.php(32): call_user_func(Object(Closure), Object(Illuminate\Http\Request))
#39 C:\Users\carlos daniel\Desktop\programacion_tecnologia\vendor\laravel\framework\src\Illuminate\Cookie\Middleware\EncryptCookies.php(59): Illuminate\Routing\Pipeline->Illuminate\Routing\{closure}(Object(Illuminate\Http\Request))
#40 [internal function]: Illuminate\Cookie\Middleware\EncryptCookies->handle(Object(Illuminate\Http\Request), Object(Closure))
#41 C:\Users\carlos daniel\Desktop\programacion_tecnologia\vendor\laravel\framework\src\Illuminate\Pipeline\Pipeline.php(136): call_user_func_array(Array, Array)
#42 [internal function]: Illuminate\Pipeline\Pipeline->Illuminate\Pipeline\{closure}(Object(Illuminate\Http\Request))
#43 C:\Users\carlos daniel\Desktop\programacion_tecnologia\vendor\laravel\framework\src\Illuminate\Routing\Pipeline.php(32): call_user_func(Object(Closure), Object(Illuminate\Http\Request))
#44 [internal function]: Illuminate\Routing\Pipeline->Illuminate\Routing\{closure}(Object(Illuminate\Http\Request))
#45 C:\Users\carlos daniel\Desktop\programacion_tecnologia\vendor\laravel\framework\src\Illuminate\Pipeline\Pipeline.php(103): call_user_func(Object(Closure), Object(Illuminate\Http\Request))
#46 C:\Users\carlos daniel\Desktop\programacion_tecnologia\vendor\laravel\framework\src\Illuminate\Routing\Router.php(726): Illuminate\Pipeline\Pipeline->then(Object(Closure))
#47 C:\Users\carlos daniel\Desktop\programacion_tecnologia\vendor\laravel\framework\src\Illuminate\Routing\Router.php(699): Illuminate\Routing\Router->runRouteWithinStack(Object(Illuminate\Routing\Route), Object(Illuminate\Http\Request))
#48 C:\Users\carlos daniel\Desktop\programacion_tecnologia\vendor\laravel\framework\src\Illuminate\Routing\Router.php(675): Illuminate\Routing\Router->dispatchToRoute(Object(Illuminate\Http\Request))
#49 C:\Users\carlos daniel\Desktop\programacion_tecnologia\vendor\laravel\framework\src\Illuminate\Foundation\Http\Kernel.php(246): Illuminate\Routing\Router->dispatch(Object(Illuminate\Http\Request))
#50 [internal function]: Illuminate\Foundation\Http\Kernel->Illuminate\Foundation\Http\{closure}(Object(Illuminate\Http\Request))
#51 C:\Users\carlos daniel\Desktop\programacion_tecnologia\vendor\laravel\framework\src\Illuminate\Routing\Pipeline.php(52): call_user_func(Object(Closure), Object(Illuminate\Http\Request))
#52 C:\Users\carlos daniel\Desktop\programacion_tecnologia\vendor\laravel\framework\src\Illuminate\Foundation\Http\Middleware\CheckForMaintenanceMode.php(44): Illuminate\Routing\Pipeline->Illuminate\Routing\{closure}(Object(Illuminate\Http\Request))
#53 [internal function]: Illuminate\Foundation\Http\Middleware\CheckForMaintenanceMode->handle(Object(Illuminate\Http\Request), Object(Closure))
#54 C:\Users\carlos daniel\Desktop\programacion_tecnologia\vendor\laravel\framework\src\Illuminate\Pipeline\Pipeline.php(136): call_user_func_array(Array, Array)
#55 [internal function]: Illuminate\Pipeline\Pipeline->Illuminate\Pipeline\{closure}(Object(Illuminate\Http\Request))
#56 C:\Users\carlos daniel\Desktop\programacion_tecnologia\vendor\laravel\framework\src\Illuminate\Routing\Pipeline.php(32): call_user_func(Object(Closure), Object(Illuminate\Http\Request))
#57 [internal function]: Illuminate\Routing\Pipeline->Illuminate\Routing\{closure}(Object(Illuminate\Http\Request))
#58 C:\Users\carlos daniel\Desktop\programacion_tecnologia\vendor\laravel\framework\src\Illuminate\Pipeline\Pipeline.php(103): call_user_func(Object(Closure), Object(Illuminate\Http\Request))
#59 C:\Users\carlos daniel\Desktop\programacion_tecnologia\vendor\laravel\framework\src\Illuminate\Foundation\Http\Kernel.php(132): Illuminate\Pipeline\Pipeline->then(Object(Closure))
#60 C:\Users\carlos daniel\Desktop\programacion_tecnologia\vendor\laravel\framework\src\Illuminate\Foundation\Http\Kernel.php(99): Illuminate\Foundation\Http\Kernel->sendRequestThroughRouter(Object(Illuminate\Http\Request))
#61 C:\Users\carlos daniel\Desktop\programacion_tecnologia\public\index.php(54): Illuminate\Foundation\Http\Kernel->handle(Object(Illuminate\Http\Request))
#62 C:\Users\carlos daniel\Desktop\programacion_tecnologia\server.php(21): require_once('C:\\Users\\carlos...')
#63 {main}  
